# JRE version: OpenJDK Runtime Environment (8.0_171-b11) (build 1.8.0_171-8u171-b11-0ubuntu0.16.04.1-b11)
# Java VM: OpenJDK 64-Bit Server VM (25.171-b11 mixed mode, sharing linux-amd64 compressed oops)
Heap:
 PSYoungGen      total 117248K, used 97207K [0x000000078d000000, 0x0000000794b00000, 0x0000000800000000)
  eden space 110080K, 88% used [0x000000078d000000,0x0000000792eb5ee0,0x0000000793b80000)
  from space 7168K, 3% used [0x0000000794300000,0x0000000794337fc0,0x0000000794a00000)
  to   space 7680K, 0% used [0x0000000793b80000,0x0000000793b80000,0x0000000794300000)
 ParOldGen       total 73728K, used 6799K [0x00000006a7000000, 0x00000006ab800000, 0x000000078d000000)
  object space 73728K, 9% used [0x00000006a7000000,0x00000006a76a3c60,0x00000006ab800000)
 Metaspace       used 12534K, capacity 12834K, committed 13184K, reserved 1060864K
  class space    used 1721K, capacity 1806K, committed 1920K, reserved 1048576K
GC Heap History (10 events):
Event: 20.346 GC heap before
{Heap before GC invocations=4 (full 0):
 PSYoungGen      total 32256K, used 32234K [0x000000078d000000, 0x000000078f400000, 0x0000000800000000)
  eden space 27648K, 100% used [0x000000078d000000,0x000000078eb00000,0x000000078eb00000)
  from space 4608K, 99% used [0x000000078eb00000,0x000000078ef7a920,0x000000078ef80000)
  to   space 4608K, 0% used [0x000000078ef80000,0x000000078ef80000,0x000000078f400000)
 ParOldGen       total 73728K, used 2153K [0x00000006a7000000, 0x00000006ab800000, 0x000000078d000000)
  object space 73728K, 2% used [0x00000006a7000000,0x00000006a721a7f0,0x00000006ab800000)
 Metaspace       used 11690K, capacity 11932K, committed 12032K, reserved 1058816K
  class space    used 1648K, capacity 1741K, committed 1792K, reserved 1048576K
Event: 20.350 GC heap after
Heap after GC invocations=4 (full 0):
 PSYoungGen      total 32256K, used 4586K [0x000000078d000000, 0x0000000790f00000, 0x0000000800000000)
  eden space 27648K, 0% used [0x000000078d000000,0x000000078d000000,0x000000078eb00000)
  from space 4608K, 99% used [0x000000078ef80000,0x000000078f3fa920,0x000000078f400000)
  to   space 4608K, 0% used [0x000000078eb00000,0x000000078eb00000,0x000000078ef80000)
 ParOldGen       total 73728K, used 2169K [0x00000006a7000000, 0x00000006ab800000, 0x000000078d000000)
  object space 73728K, 2% used [0x00000006a7000000,0x00000006a721e7f0,0x00000006ab800000)
 Metaspace       used 11690K, capacity 11932K, committed 12032K, reserved 1058816K
  class space    used 1648K, capacity 1741K, committed 1792K, reserved 1048576K
}
Event: 20.390 GC heap before
{Heap before GC invocations=5 (full 0):
 PSYoungGen      total 32256K, used 32234K [0x000000078d000000, 0x0000000790f00000, 0x0000000800000000)
  eden space 27648K, 100% used [0x000000078d000000,0x000000078eb00000,0x000000078eb00000)
  from space 4608K, 99% used [0x000000078ef80000,0x000000078f3fa920,0x000000078f400000)
  to   space 4608K, 0% used [0x000000078eb00000,0x000000078eb00000,0x000000078ef80000)
 ParOldGen       total 73728K, used 2169K [0x00000006a7000000, 0x00000006ab800000, 0x000000078d000000)
  object space 73728K, 2% used [0x00000006a7000000,0x00000006a721e7f0,0x00000006ab800000)
 Metaspace       used 11716K, capacity 11932K, committed 12032K, reserved 1058816K
  class space    used 1651K, capacity 1741K, committed 1792K, reserved 1048576K
Event: 20.394 GC heap after
Heap after GC invocations=5 (full 0):
 PSYoungGen      total 32256K, used 4576K [0x000000078d000000, 0x0000000791200000, 0x0000000800000000)
  eden space 27648K, 0% used [0x000000078d000000,0x000000078d000000,0x000000078eb00000)
  from space 4608K, 99% used [0x000000078eb00000,0x000000078ef78020,0x000000078ef80000)
  to   space 6144K, 0% used [0x0000000790c00000,0x0000000790c00000,0x0000000791200000)
 ParOldGen       total 73728K, used 2214K [0x00000006a7000000, 0x00000006ab800000, 0x000000078d000000)
  object space 73728K, 3% used [0x00000006a7000000,0x00000006a7229800,0x00000006ab800000)
 Metaspace       used 11716K, capacity 11932K, committed 12032K, reserved 1058816K
  class space    used 1651K, capacity 1741K, committed 1792K, reserved 1048576K
}
Event: 20.414 GC heap before
{Heap before GC invocations=6 (full 0):
 PSYoungGen      total 32256K, used 32224K [0x000000078d000000, 0x0000000791200000, 0x0000000800000000)
  eden space 27648K, 100% used [0x000000078d000000,0x000000078eb00000,0x000000078eb00000)
  from space 4608K, 99% used [0x000000078eb00000,0x000000078ef78020,0x000000078ef80000)
  to   space 6144K, 0% used [0x0000000790c00000,0x0000000790c00000,0x0000000791200000)
 ParOldGen       total 73728K, used 2214K [0x00000006a7000000, 0x00000006ab800000, 0x000000078d000000)
  object space 73728K, 3% used [0x00000006a7000000,0x00000006a7229800,0x00000006ab800000)
 Metaspace       used 11716K, capacity 11932K, committed 12032K, reserved 1058816K
  class space    used 1651K, capacity 1741K, committed 1792K, reserved 1048576K
Event: 20.419 GC heap after
Heap after GC invocations=6 (full 0):
 PSYoungGen      total 61440K, used 4618K [0x000000078d000000, 0x0000000791200000, 0x0000000800000000)
  eden space 55296K, 0% used [0x000000078d000000,0x000000078d000000,0x0000000790600000)
  from space 6144K, 75% used [0x0000000790c00000,0x0000000791082920,0x0000000791200000)
  to   space 6144K, 0% used [0x0000000790600000,0x0000000790600000,0x0000000790c00000)
 ParOldGen       total 73728K, used 2222K [0x00000006a7000000, 0x00000006ab800000, 0x000000078d000000)
  object space 73728K, 3% used [0x00000006a7000000,0x00000006a722b800,0x00000006ab800000)
 Metaspace       used 11716K, capacity 11932K, committed 12032K, reserved 1058816K
  class space    used 1651K, capacity 1741K, committed 1792K, reserved 1048576K
}
Event: 20.535 GC heap before
{Heap before GC invocations=7 (full 0):
 PSYoungGen      total 61440K, used 59914K [0x000000078d000000, 0x0000000791200000, 0x0000000800000000)
  eden space 55296K, 100% used [0x000000078d000000,0x0000000790600000,0x0000000790600000)
  from space 6144K, 75% used [0x0000000790c00000,0x0000000791082920,0x0000000791200000)
  to   space 6144K, 0% used [0x0000000790600000,0x0000000790600000,0x0000000790c00000)
 ParOldGen       total 73728K, used 2222K [0x00000006a7000000, 0x00000006ab800000, 0x000000078d000000)
  object space 73728K, 3% used [0x00000006a7000000,0x00000006a722b800,0x00000006ab800000)
 Metaspace       used 11738K, capacity 11932K, committed 12032K, reserved 1058816K
  class space    used 1651K, capacity 1741K, committed 1792K, reserved 1048576K
Event: 20.541 GC heap after
Heap after GC invocations=7 (full 0):
 PSYoungGen      total 61440K, used 447K [0x000000078d000000, 0x0000000794a00000, 0x0000000800000000)
  eden space 55296K, 0% used [0x000000078d000000,0x000000078d000000,0x0000000790600000)
  from space 6144K, 7% used [0x0000000790600000,0x000000079066ffc0,0x0000000790c00000)
  to   space 7168K, 0% used [0x0000000794300000,0x0000000794300000,0x0000000794a00000)
 ParOldGen       total 73728K, used 6534K [0x00000006a7000000, 0x00000006ab800000, 0x000000078d000000)
  object space 73728K, 8% used [0x00000006a7000000,0x00000006a7661930,0x00000006ab800000)
 Metaspace       used 11738K, capacity 11932K, committed 12032K, reserved 1058816K
  class space    used 1651K, capacity 1741K, committed 1792K, reserved 1048576K
}
Event: 20.597 GC heap before
{Heap before GC invocations=8 (full 0):
 PSYoungGen      total 61440K, used 55743K [0x000000078d000000, 0x0000000794a00000, 0x0000000800000000)
  eden space 55296K, 100% used [0x000000078d000000,0x0000000790600000,0x0000000790600000)
  from space 6144K, 7% used [0x0000000790600000,0x000000079066ffc0,0x0000000790c00000)
  to   space 7168K, 0% used [0x0000000794300000,0x0000000794300000,0x0000000794a00000)
 ParOldGen       total 73728K, used 6534K [0x00000006a7000000, 0x00000006ab800000, 0x000000078d000000)
  object space 73728K, 8% used [0x00000006a7000000,0x00000006a7661930,0x00000006ab800000)
 Metaspace       used 11738K, capacity 11932K, committed 12032K, reserved 1058816K
  class space    used 1651K, capacity 1741K, committed 1792K, reserved 1048576K
Event: 20.598 GC heap after
Heap after GC invocations=8 (full 0):
 PSYoungGen      total 117248K, used 223K [0x000000078d000000, 0x0000000794b00000, 0x0000000800000000)
  eden space 110080K, 0% used [0x000000078d000000,0x000000078d000000,0x0000000793b80000)
  from space 7168K, 3% used [0x0000000794300000,0x0000000794337fc0,0x0000000794a00000)
  to   space 7680K, 0% used [0x0000000793b80000,0x0000000793b80000,0x0000000794300000)
 ParOldGen       total 73728K, used 6799K [0x00000006a7000000, 0x00000006ab800000, 0x000000078d000000)
  object space 73728K, 9% used [0x00000006a7000000,0x00000006a76a3c60,0x00000006ab800000)
 Metaspace       used 11738K, capacity 11932K, committed 12032K, reserved 1058816K
  class space    used 1651K, capacity 1741K, committed 1792K, reserved 1048576K
}

